<?xml version="1.0" encoding="UTF-8"?>
<testsuite xmlns:xsi="http://www.w3.org/2001/XMLSchema-instance" xsi:noNamespaceSchemaLocation="https://maven.apache.org/surefire/maven-surefire-plugin/xsd/surefire-test-report-3.0.xsd" version="3.0" name="minicp.util.GraphUtilTest" time="0.737" tests="5" errors="0" skipped="0" failures="0">
  <properties>
[...]
</properties>
  <testcase name="simpleTestSCC0" classname="minicp.util.GraphUtilTest" time="0.011"/>
  <testcase name="simpleTestSCC1" classname="minicp.util.GraphUtilTest" time="0.007"/>
  <testcase name="simpleTestSCC2" classname="minicp.util.GraphUtilTest" time="0.016"/>
  <testcase name="randomTestSCC" classname="minicp.util.GraphUtilTest" time="0.029"/>
  <testcase name="randomTestSCC2" classname="minicp.util.GraphUtilTest" time="0.671"/>
</testsuite>